20191126.205333 89869165 0988091341 A0828181104702279574   0 send success!
20191126.205950 89869165 ªQµÒ©± 1F¡U¦èªù©± B1             6  DetailCode:[-1] -> Telephone number format error
20191126.210106 5%80%8B%E9%A9%9A%E5%96%9C%E9%80%81%E7%B5%A6%E4%BD%A0%EF%BC%8C%E9%A0%98%E5%8F%96%E5%BA%8F%E8%:9%9F%E6%98%AFXXXXXX%E3%80%82%E5%BF%AB%E5%8E%BB%E7%9C%8B%E7%9C%8B%E6%98%AF%E4%BB%80%E9%BA%BC%E9%A9%9A%E5%96%9C!%5C%20%E8%AA%A0%E5%93%81%E7%94%9F%E6%B4%BB%20%E9%A9%9A%E5%96%9C%E7%89%A9%E6%89%80%20%E6%9C%9F%E9%96%93%E9%99%90%E5%AE%9A%20%5C%E6%99%82%E9%96%93%EF%BC%9A2019.12.01%20-%202020.01.02%20%E6%93%9A%E9%BB%9E%EF%BC%9A%E4%BF%A1%E7%BE%A9%E5%BA%97%201F%EF%BD%9C%E6%9D%BE%E8%8F%B8%E5%BA%97%201F%EF%BD%9C%E8%A5%BF%E9%96%80%E5%BA%97%20B1  %E5%99%A8%E3%80%91%E8%A3%BD%E4%BD%9C%E4%BA%86%E4%B8%80%E5%80%8B%E9%A9%9A%E5%96%9C%E9%80%81%E7%B5%A6%E4%BD%A0%EF%BC%8C%E9%A0%98%E5%8F%96%E5%BA%8F%E8%:9%9F%E6%98%AFXXXXXX%E3%80%82%E5%BF%AB%E5%8E%BB%E7%9C%8B%E7%9C%8B%E6%98%AF%E4%BB%80%E9%BA%BC%E9%A9%9A%E5%96%9C!%5C%20%E8%AA%A0%E5%93%81%E7%94%9F%E6%B4%BB%20%E9%A9%9A%E5%96%9C%E7%89%A9%E6%89%80%20%E6%9C%9F%E9%96%93%E9%99%90%E5%AE%9A%20%5C%E6%99%82%E9%96%93%EF%BC%9A2019.12.01%20-%202020.01.02%20%E6%93%9A%E9%BB%9E%EF%BC%9A%E4%BF%A1%E7%BE%A9%E5%BA%97%201F%EF%BD%9C%E6%9D%BE%E8%8F%B8%E5%BA%97%201F%EF%BD%9C%E8%A5%BF%E9%96%80%E5%BA%97%20B1  9%A0%98%E5%8F%96%E5%BA%8F%E8%:9%9F%E6%98%AFXXXXXX%E3%80%82%E5%BF%AB%E5%8E%BB%E7%9C%8B%E7%9C%8B%E6%98%AF%E4%BB%80%E9%BA%BC%E9%A9%9A%E5%96%9C!%5C%20%E8%AA%A0%E5%93%81%E7%94%9F%E6%B4%BB%20%E9%A9%9A%E5%96%9C%E7%89%A9%E6%89%80%20%E6%9C%9F%E9%96%93%E9%99%90%E5%AE%9A%20%5C%E6%99%82%E9%96%93%EF%BC%9A2019.12.01%20-%202020.01.02%20%E6%93%9A%E9%BB%9E%EF%BC%9A%E4%BF%A1%E7%BE%A9%E5%BA%97%201F%EF%BD%9C%E6%9D%BE%E8%8F%B8%E5%BA%97%201F%EF%BD%9C%E8%A5%BF%E9%96%80%E5%BA%97%20B1  9%A0%98%E5%8F%96%E5%BA%8F%E8%:9%9F%E6%98%AFXXXXXX%E3%80%82%E5%BF%AB%E5%8E%BB%E7%9C%8B%E7%9C%8B%E6%98%AF%E4%BB%80%E9%BA%BC%E9%A9%9A%E5%96%9C!%5C%20%E8%AA%A0%E5%93%81%E7%94%9F%E6%B4%BB%20%E9%A9%9A%E5%96%9C%E7%89%A9%E6%89%80%20%E6%9C%9F%E9%96%93%E9%99%90%E5%AE%9A%20%5C%E6%99%82%E9%96%93%EF%BC%9A2019.12.01%20-%202020.01.02%20%E6%93%9A%E9%BB%9E%EF%BC%9A%E4%BF%A1%E7%BE%A9%E5%BA%97%201F%EF%BD%9C%E6%9D%BE%E8%8F%B8%E5%BA%97%201F%EF%BD%9C%E8%A5%BF%E9%96%80%E5%BA%97%20B1    -4 socket connect error!
20191126.210143 5%80%8B%E9%A9%9A%E5%96%9C%E9%80%81%E7%B5%A6%E4%BD%A0%EF%BC%8C%E9%A0%98%E5%8F%96%E5%BA%8F%E8%:9%9F%E6%98%AFXXXXXX%E3%80%82%E5%BF%AB%E5%8E%BB%E7%9C%8B%E7%9C%8B%E6%98%AF%E4%BB%80%E9%BA%BC%E9%A9%9A%E5%96%9C!%5C%20%E8%AA%A0%E5%93%81%E7%94%9F%E6%B4%BB%20%E9%A9%9A%E5%96%9C%E7%89%A9%E6%89%80%20%E6%9C%9F%E9%96%93%E9%99%90%E5%AE%9A%20%5C%E6%99%82%E9%96%93%EF%BC%9A2019.12.01%20-%202020.01.02%20%E6%93%9A%E9%BB%9E%EF%BC%9A%E4%BF%A1%E7%BE%A9%E5%BA%97%201F%EF%BD%9C%E6%9D%BE%E8%8F%B8%E5%BA%97%201F%EF%BD%9C%E8%A5%BF%E9%96%80%E5%BA%97%20B1  %E5%99%A8%E3%80%91%E8%A3%BD%E4%BD%9C%E4%BA%86%E4%B8%80%E5%80%8B%E9%A9%9A%E5%96%9C%E9%80%81%E7%B5%A6%E4%BD%A0%EF%BC%8C%E9%A0%98%E5%8F%96%E5%BA%8F%E8%:9%9F%E6%98%AFXXXXXX%E3%80%82%E5%BF%AB%E5%8E%BB%E7%9C%8B%E7%9C%8B%E6%98%AF%E4%BB%80%E9%BA%BC%E9%A9%9A%E5%96%9C!%5C%20%E8%AA%A0%E5%93%81%E7%94%9F%E6%B4%BB%20%E9%A9%9A%E5%96%9C%E7%89%A9%E6%89%80%20%E6%9C%9F%E9%96%93%E9%99%90%E5%AE%9A%20%5C%E6%99%82%E9%96%93%EF%BC%9A2019.12.01%20-%202020.01.02%20%E6%93%9A%E9%BB%9E%EF%BC%9A%E4%BF%A1%E7%BE%A9%E5%BA%97%201F%EF%BD%9C%E6%9D%BE%E8%8F%B8%E5%BA%97%201F%EF%BD%9C%E8%A5%BF%E9%96%80%E5%BA%97%20B1  9%A0%98%E5%8F%96%E5%BA%8F%E8%:9%9F%E6%98%AFXXXXXX%E3%80%82%E5%BF%AB%E5%8E%BB%E7%9C%8B%E7%9C%8B%E6%98%AF%E4%BB%80%E9%BA%BC%E9%A9%9A%E5%96%9C!%5C%20%E8%AA%A0%E5%93%81%E7%94%9F%E6%B4%BB%20%E9%A9%9A%E5%96%9C%E7%89%A9%E6%89%80%20%E6%9C%9F%E9%96%93%E9%99%90%E5%AE%9A%20%5C%E6%99%82%E9%96%93%EF%BC%9A2019.12.01%20-%202020.01.02%20%E6%93%9A%E9%BB%9E%EF%BC%9A%E4%BF%A1%E7%BE%A9%E5%BA%97%201F%EF%BD%9C%E6%9D%BE%E8%8F%B8%E5%BA%97%201F%EF%BD%9C%E8%A5%BF%E9%96%80%E5%BA%97%20B1  9%A0%98%E5%8F%96%E5%BA%8F%E8%:9%9F%E6%98%AFXXXXXX%E3%80%82%E5%BF%AB%E5%8E%BB%E7%9C%8B%E7%9C%8B%E6%98%AF%E4%BB%80%E9%BA%BC%E9%A9%9A%E5%96%9C!%5C%20%E8%AA%A0%E5%93%81%E7%94%9F%E6%B4%BB%20%E9%A9%9A%E5%96%9C%E7%89%A9%E6%89%80%20%E6%9C%9F%E9%96%93%E9%99%90%E5%AE%9A%20%5C%E6%99%82%E9%96%93%EF%BC%9A2019.12.01%20-%202020.01.02%20%E6%93%9A%E9%BB%9E%EF%BC%9A%E4%BF%A1%E7%BE%A9%E5%BA%97%201F%EF%BD%9C%E6%9D%BE%E8%8F%B8%E5%BA%97%201F%EF%BD%9C%E8%A5%BF%E9%96%80%E5%BA%97%20B1    -4 socket connect error!
20191126.210203 5%80%8B%E9%A9%9A%E5%96%9C%E9%80%81%E7%B5%A6%E4%BD%A0%EF%BC%8C%E9%A0%98%E5%8F%96%E5%BA%8F%E8%:9%9F%E6%98%AFXXXXXX%E3%80%82%E5%BF%AB%E5%8E%BB%E7%9C%8B%E7%9C%8B%E6%98%AF%E4%BB%80%E9%BA%BC%E9%A9%9A%E5%96%9C!%20%E8%AA%A0%E5%93%81%E7%94%9F%E6%B4%BB%20%E9%A9%9A%E5%96%9C%E7%89%A9%E6%89%80%20%E6%9C%9F%E9%96%93%E9%99%90%E5%AE%9A%20%E6%99%82%E9%96%93%EF%BC%9A2019.12.01%20-%202020.01.02%20%E6%93%9A%E9%BB%9E%EF%BC%9A%E4%BF%A1%E7%BE%A9%E5%BA%97%201F%EF%BD%9C%E6%9D%BE%E8%8F%B8%E5%BA%97%201F%EF%BD%9C%E8%A5%BF%E9%96%80%E5%BA%97%20B1  %E5%99%A8%E3%80%91%E8%A3%BD%E4%BD%9C%E4%BA%86%E4%B8%80%E5%80%8B%E9%A9%9A%E5%96%9C%E9%80%81%E7%B5%A6%E4%BD%A0%EF%BC%8C%E9%A0%98%E5%8F%96%E5%BA%8F%E8%:9%9F%E6%98%AFXXXXXX%E3%80%82%E5%BF%AB%E5%8E%BB%E7%9C%8B%E7%9C%8B%E6%98%AF%E4%BB%80%E9%BA%BC%E9%A9%9A%E5%96%9C!%20%E8%AA%A0%E5%93%81%E7%94%9F%E6%B4%BB%20%E9%A9%9A%E5%96%9C%E7%89%A9%E6%89%80%20%E6%9C%9F%E9%96%93%E9%99%90%E5%AE%9A%20%E6%99%82%E9%96%93%EF%BC%9A2019.12.01%20-%202020.01.02%20%E6%93%9A%E9%BB%9E%EF%BC%9A%E4%BF%A1%E7%BE%A9%E5%BA%97%201F%EF%BD%9C%E6%9D%BE%E8%8F%B8%E5%BA%97%201F%EF%BD%9C%E8%A5%BF%E9%96%80%E5%BA%97%20B1  8%E5%8F%96%E5%BA%8F%E8%:9%9F%E6%98%AFXXXXXX%E3%80%82%E5%BF%AB%E5%8E%BB%E7%9C%8B%E7%9C%8B%E6%98%AF%E4%BB%80%E9%BA%BC%E9%A9%9A%E5%96%9C!%20%E8%AA%A0%E5%93%81%E7%94%9F%E6%B4%BB%20%E9%A9%9A%E5%96%9C%E7%89%A9%E6%89%80%20%E6%9C%9F%E9%96%93%E9%99%90%E5%AE%9A%20%E6%99%82%E9%96%93%EF%BC%9A2019.12.01%20-%202020.01.02%20%E6%93%9A%E9%BB%9E%EF%BC%9A%E4%BF%A1%E7%BE%A9%E5%BA%97%201F%EF%BD%9C%E6%9D%BE%E8%8F%B8%E5%BA%97%201F%EF%BD%9C%E8%A5%BF%E9%96%80%E5%BA%97%20B1  8%E5%8F%96%E5%BA%8F%E8%:9%9F%E6%98%AFXXXXXX%E3%80%82%E5%BF%AB%E5%8E%BB%E7%9C%8B%E7%9C%8B%E6%98%AF%E4%BB%80%E9%BA%BC%E9%A9%9A%E5%96%9C!%20%E8%AA%A0%E5%93%81%E7%94%9F%E6%B4%BB%20%E9%A9%9A%E5%96%9C%E7%89%A9%E6%89%80%20%E6%9C%9F%E9%96%93%E9%99%90%E5%AE%9A%20%E6%99%82%E9%96%93%EF%BC%9A2019.12.01%20-%202020.01.02%20%E6%93%9A%E9%BB%9E%EF%BC%9A%E4%BF%A1%E7%BE%A9%E5%BA%97%201F%EF%BD%9C%E6%9D%BE%E8%8F%B8%E5%BA%97%201F%EF%BD%9C%E8%A5%BF%E9%96%80%E5%BA%97%20B1  8%E5%8F%96%E5%BA%8  -4 socket connect error!
20191126.210453 89869165 0988091341 A2345730564481485279   0 send success!
20191126.210529 89869165 0988091341 B6599873647220264096   0 send success!
20191126.210823 89869165 0988091341 B2417560129870948512   0 send success!
20191126.211328 89869165 0988091341 B2718160196912262669   0 send success!
20191126.211328 89869165 0988091341 A5627828042717470233   0 send success!
20191126.211357 89869165 0988091341 A8895731896247274072   0 send success!
20191126.211357 89869165 0988091341 A3601973688382728709   0 send success!
20191126.211742 89869165 0935662152 B1683767521990653424   0 send success!
20191126.211743 89869165 0935662152 A2618514735210531818   0 send success!
20191126.211808 89869165 0935662152 B5517742012858420689   0 send success!
20191126.211808 89869165 0935662152 B4435935256546055526   0 send success!
20191126.211828 89869165 0935662152 A0671168550496402666   0 send success!
20191126.211828 89869165 0935662152 B7869750552145438937   0 send success!
20191126.211842 89869165 0988091341 B4325039269808013412   0 send success!
20191126.211842 89869165 0988091341 A2211696514208591864   0 send success!
20191126.212218 89869165 0988091341 B5196988220142511695   0 send success!
20191126.212243 89869165 0988091341 A2716420332148097639   0 send success!
20191126.212336 89869165 0988091341 B7317500427950189712   0 send success!
20191126.213559 89869165 0988091341 A2166637621967290854   0 send success!
20191126.213637 89869165 0988091341 A1881796596401553219   0 send success!
20191126.213751 89869165 0988091341 A5426972264800798334   0 send success!
20191126.213753 89869165 0988091341 B4720910945139360703   0 send success!
20191126.213812 89869165 0988091341 A1932725668560334057   0 send success!
20191126.213814 89869165 0988091341 A8301519715479656672   0 send success!
20191126.214406 89869165 0988-091-341            6  DetailCode:[-1] -> Telephone number format error
20191126.214408 89869165 0988-091-341            6  DetailCode:[-1] -> Telephone number format error
20191126.214936 89869165 0988091-341            6  DetailCode:[-1] -> Telephone number format error
20191126.214938 89869165 0988091-341            6  DetailCode:[-1] -> Telephone number format error
20191126.215201 89869165 0988091341 A2749058627903607669   0 send success!
20191126.215203 89869165 0988091341 A3227332929244568901   0 send success!
20191127.210516 89869165 0900000000 B3928380294833223269   0 send success!
20191127.210518 89869165 0900000000 B0618328269377414262   0 send success!
20191127.210752 89869165 0900000000 B1852968999909778100   0 send success!
20191127.210754 89869165 0900000000 B3451110582833217579   0 send success!
20191127.211055 89869165 0900000000 B1695650026655616011   0 send success!
20191127.211057 89869165 0900000000 A3663274417783558256   0 send success!
20191127.211753 89869165 0900000000 B8253899547092717635   0 send success!
20191127.211755 89869165 0900000000 A6086822815817711625   0 send success!
